0 info it worked if it ends with ok
1 verbose cli [ 'C:\\Program Files\\nodejs\\node.exe',
1 verbose cli   'C:\\Program Files\\nodejs\\node_modules\\npm\\bin\\npm-cli.js',
1 verbose cli   'run',
1 verbose cli   'deploy' ]
2 info using npm@3.10.10
3 info using node@v6.11.2
4 verbose run-script [ 'predeploy', 'deploy', 'postdeploy' ]
5 info lifecycle contactmanager@0.1.0~predeploy: contactmanager@0.1.0
6 silly lifecycle contactmanager@0.1.0~predeploy: no script for predeploy, continuing
7 info lifecycle contactmanager@0.1.0~deploy: contactmanager@0.1.0
8 verbose lifecycle contactmanager@0.1.0~deploy: unsafe-perm in lifecycle true
9 verbose lifecycle contactmanager@0.1.0~deploy: PATH: C:\Program Files\nodejs\node_modules\npm\bin\node-gyp-bin;C:\Users\Eshban\Desktop\WebDev\REACT\contactmanager\node_modules\.bin;C:\Program Files\Git\mingw64\bin;C:\Program Files\Git\usr\bin;C:\Users\Eshban\bin;C:\WINDOWS\system32;C:\WINDOWS;C:\WINDOWS\System32\Wbem;C:\WINDOWS\System32\WindowsPowerShell\v1.0;C:\Program Files\Microsoft SQL Server\130\Tools\Binn;C:\Program Files\dotnet;C:\Program Files\Git\cmd;C:\Program Files\nodejs;C:\Program Files\Microsoft SQL Server\Client SDK\ODBC\110\Tools\Binn;C:\Program Files (x86)\Microsoft SQL Server\120\Tools\Binn\ManagementStudio;C:\Program Files (x86)\Microsoft SQL Server\120\Tools\Binn;C:\Program Files\Microsoft SQL Server\120\Tools\Binn;C:\Program Files (x86)\Microsoft SQL Server\120\DTS\Binn;C:\Program Files\Microsoft SQL Server\120\DTS\Binn;C:\xampp\php;C:\composer;C:\Python\Python36-32;C:\WINDOWS\System32\OpenSSH;C:\Program Files\CMake\bin;C:\Program Files\Microsoft VS Code\bin;C:\Program Files\MATLAB\R2018a\runtime\win64;C:\Program Files\MATLAB\R2018a\bin;C:\Program Files\MiKTeX 2.9\miktex\bin\x64;C:\Program Files\Microsoft SQL Server\Client SDK\ODB;C:\Users\Eshban\AppData\Local\Programs\Microsoft VS Code\bin
10 verbose lifecycle contactmanager@0.1.0~deploy: CWD: C:\Users\Eshban\Desktop\WebDev\REACT\contactmanager
11 silly lifecycle contactmanager@0.1.0~deploy: Args: [ '/d /s /c', 'npm run build&&gh-pages -d build' ]
12 silly lifecycle contactmanager@0.1.0~deploy: Returned: code: 1  signal: null
13 info lifecycle contactmanager@0.1.0~deploy: Failed to exec deploy script
14 verbose stack Error: contactmanager@0.1.0 deploy: `npm run build&&gh-pages -d build`
14 verbose stack Exit status 1
14 verbose stack     at EventEmitter.<anonymous> (C:\Program Files\nodejs\node_modules\npm\lib\utils\lifecycle.js:255:16)
14 verbose stack     at emitTwo (events.js:106:13)
14 verbose stack     at EventEmitter.emit (events.js:191:7)
14 verbose stack     at ChildProcess.<anonymous> (C:\Program Files\nodejs\node_modules\npm\lib\utils\spawn.js:40:14)
14 verbose stack     at emitTwo (events.js:106:13)
14 verbose stack     at ChildProcess.emit (events.js:191:7)
14 verbose stack     at maybeClose (internal/child_process.js:891:16)
14 verbose stack     at Process.ChildProcess._handle.onexit (internal/child_process.js:226:5)
15 verbose pkgid contactmanager@0.1.0
16 verbose cwd C:\Users\Eshban\Desktop\WebDev\REACT\contactmanager
17 error Windows_NT 10.0.17134
18 error argv "C:\\Program Files\\nodejs\\node.exe" "C:\\Program Files\\nodejs\\node_modules\\npm\\bin\\npm-cli.js" "run" "deploy"
19 error node v6.11.2
20 error npm  v3.10.10
21 error code ELIFECYCLE
22 error contactmanager@0.1.0 deploy: `npm run build&&gh-pages -d build`
22 error Exit status 1
23 error Failed at the contactmanager@0.1.0 deploy script 'npm run build&&gh-pages -d build'.
23 error Make sure you have the latest version of node.js and npm installed.
23 error If you do, this is most likely a problem with the contactmanager package,
23 error not with npm itself.
23 error Tell the author that this fails on your system:
23 error     npm run build&&gh-pages -d build
23 error You can get information on how to open an issue for this project with:
23 error     npm bugs contactmanager
23 error Or if that isn't available, you can get their info via:
23 error     npm owner ls contactmanager
23 error There is likely additional logging output above.
24 verbose exit [ 1, true ]
